mode: set
github.com/kshuta/workoutTracker/data/set.go:45.34,47.2 1 0
github.com/kshuta/workoutTracker/data/set.go:49.38,50.69 1 1
github.com/kshuta/workoutTracker/data/set.go:54.2,57.16 3 1
github.com/kshuta/workoutTracker/data/set.go:61.2,62.8 2 1
github.com/kshuta/workoutTracker/data/set.go:50.69,52.3 1 1
github.com/kshuta/workoutTracker/data/set.go:57.16,59.3 1 0
github.com/kshuta/workoutTracker/data/set.go:65.42,68.2 2 1
github.com/kshuta/workoutTracker/data/set.go:70.38,73.2 2 1
github.com/kshuta/workoutTracker/data/set.go:75.38,78.2 2 1
github.com/kshuta/workoutTracker/data/set.go:80.45,81.63 1 1
github.com/kshuta/workoutTracker/data/set.go:85.2,88.16 3 1
github.com/kshuta/workoutTracker/data/set.go:92.2,94.8 2 1
github.com/kshuta/workoutTracker/data/set.go:81.63,83.3 1 1
github.com/kshuta/workoutTracker/data/set.go:88.16,90.3 1 0
github.com/kshuta/workoutTracker/data/set.go:97.57,100.2 2 1
github.com/kshuta/workoutTracker/data/set.go:102.45,105.2 2 1
github.com/kshuta/workoutTracker/data/set.go:107.45,110.2 2 1
github.com/kshuta/workoutTracker/data/set.go:112.73,116.15 2 1
github.com/kshuta/workoutTracker/data/set.go:123.2,123.18 1 1
github.com/kshuta/workoutTracker/data/set.go:141.2,141.8 1 1
github.com/kshuta/workoutTracker/data/set.go:116.15,117.24 1 1
github.com/kshuta/workoutTracker/data/set.go:120.3,120.15 1 1
github.com/kshuta/workoutTracker/data/set.go:117.24,119.4 1 0
github.com/kshuta/workoutTracker/data/set.go:123.18,126.17 3 1
github.com/kshuta/workoutTracker/data/set.go:131.3,133.17 3 1
github.com/kshuta/workoutTracker/data/set.go:138.3,138.63 1 1
github.com/kshuta/workoutTracker/data/set.go:126.17,129.4 2 0
github.com/kshuta/workoutTracker/data/set.go:133.17,136.4 2 0
github.com/kshuta/workoutTracker/data/store.go:24.23,25.16 1 1
github.com/kshuta/workoutTracker/data/store.go:25.16,27.3 1 0
github.com/kshuta/workoutTracker/data/store.go:30.13,32.11 2 1
github.com/kshuta/workoutTracker/data/store.go:44.2,46.21 3 1
github.com/kshuta/workoutTracker/data/store.go:32.11,34.17 2 1
github.com/kshuta/workoutTracker/data/store.go:37.3,39.13 3 1
github.com/kshuta/workoutTracker/data/store.go:34.17,36.4 1 0
github.com/kshuta/workoutTracker/data/store.go:52.53,53.34 1 1
github.com/kshuta/workoutTracker/data/store.go:57.2,58.16 2 1
github.com/kshuta/workoutTracker/data/store.go:61.2,63.8 2 1
github.com/kshuta/workoutTracker/data/store.go:53.34,56.3 2 0
github.com/kshuta/workoutTracker/data/store.go:58.16,60.3 1 0
github.com/kshuta/workoutTracker/data/workouts.go:21.36,23.2 1 0
github.com/kshuta/workoutTracker/data/workouts.go:25.46,26.102 1 1
github.com/kshuta/workoutTracker/data/workouts.go:31.2,33.16 3 1
github.com/kshuta/workoutTracker/data/workouts.go:37.2,40.8 3 1
github.com/kshuta/workoutTracker/data/workouts.go:26.102,29.3 2 1
github.com/kshuta/workoutTracker/data/workouts.go:33.16,35.3 1 0
github.com/kshuta/workoutTracker/data/workouts.go:43.54,46.2 2 1
github.com/kshuta/workoutTracker/data/workouts.go:48.46,51.2 2 1
github.com/kshuta/workoutTracker/data/workouts.go:53.46,56.2 2 1
github.com/kshuta/workoutTracker/data/info.go:23.66,24.37 1 1
github.com/kshuta/workoutTracker/data/info.go:28.2,29.8 2 1
github.com/kshuta/workoutTracker/data/info.go:24.37,26.3 1 0
github.com/kshuta/workoutTracker/data/info.go:32.65,34.16 2 1
github.com/kshuta/workoutTracker/data/info.go:39.2,40.18 2 1
github.com/kshuta/workoutTracker/data/info.go:46.2,47.23 2 1
github.com/kshuta/workoutTracker/data/info.go:51.2,52.16 2 1
github.com/kshuta/workoutTracker/data/info.go:55.2,58.16 3 1
github.com/kshuta/workoutTracker/data/info.go:62.2,62.18 1 1
github.com/kshuta/workoutTracker/data/info.go:68.2,69.23 2 1
github.com/kshuta/workoutTracker/data/info.go:74.2,74.8 1 1
github.com/kshuta/workoutTracker/data/info.go:34.16,37.3 2 0
github.com/kshuta/workoutTracker/data/info.go:40.18,44.3 3 1
github.com/kshuta/workoutTracker/data/info.go:47.23,50.3 2 0
github.com/kshuta/workoutTracker/data/info.go:52.16,54.3 1 0
github.com/kshuta/workoutTracker/data/info.go:58.16,60.3 1 0
github.com/kshuta/workoutTracker/data/info.go:62.18,66.3 3 1
github.com/kshuta/workoutTracker/data/info.go:69.23,72.3 2 0
github.com/kshuta/workoutTracker/data/lift.go:18.33,20.2 1 0
github.com/kshuta/workoutTracker/data/lift.go:22.40,23.29 1 1
github.com/kshuta/workoutTracker/data/lift.go:28.2,30.16 3 1
github.com/kshuta/workoutTracker/data/lift.go:34.2,36.8 3 1
github.com/kshuta/workoutTracker/data/lift.go:23.29,26.3 2 1
github.com/kshuta/workoutTracker/data/lift.go:30.16,32.3 1 0
github.com/kshuta/workoutTracker/data/lift.go:39.45,42.2 2 1
github.com/kshuta/workoutTracker/data/lift.go:44.43,47.2 2 0
github.com/kshuta/workoutTracker/data/lift.go:49.40,52.2 2 1
github.com/kshuta/workoutTracker/data/lift.go:54.40,57.2 2 1
